# JRE version: Java(TM) SE Runtime Environment (8.0_121-b13) (build 1.8.0_121-b13)
# Java VM: Java HotSpot(TM) Client VM (25.121-b13 mixed mode windows-x86 )
Heap:
 def new generation   total 30528K, used 18632K [0x03c00000, 0x05d10000, 0x19150000)
  eden space 27200K,  63% used [0x03c00000, 0x04cc7028, 0x05690000)
  from space 3328K,  43% used [0x05690000, 0x057fb3a0, 0x059d0000)
  to   space 3328K,   0% used [0x059d0000, 0x059d0000, 0x05d10000)
 tenured generation   total 67408K, used 54063K [0x19150000, 0x1d324000, 0x43c00000)
   the space 67408K,  80% used [0x19150000, 0x1c61bf10, 0x1c61c000, 0x1d324000)
 Metaspace       used 40623K, capacity 41939K, committed 42240K, reserved 42368K
GC Heap History (10 events):
Event: 452.005 GC heap before
{Heap before GC invocations=168 (full 6):
 def new generation   total 30528K, used 28501K [0x03c00000, 0x05d10000, 0x19150000)
  eden space 27200K, 100% used [0x03c00000, 0x05690000, 0x05690000)
  from space 3328K,  39% used [0x059d0000, 0x05b15770, 0x05d10000)
  to   space 3328K,   0% used [0x05690000, 0x05690000, 0x059d0000)
 tenured generation   total 67408K, used 49760K [0x19150000, 0x1d324000, 0x43c00000)
   the space 67408K,  73% used [0x19150000, 0x1c1e8330, 0x1c1e8400, 0x1d324000)
 Metaspace       used 40445K, capacity 41735K, committed 41984K, reserved 42368K
Event: 452.013 GC heap after
Heap after GC invocations=169 (full 6):
 def new generation   total 30528K, used 2309K [0x03c00000, 0x05d10000, 0x19150000)
  eden space 27200K,   0% used [0x03c00000, 0x03c00000, 0x05690000)
  from space 3328K,  69% used [0x05690000, 0x058d14d0, 0x059d0000)
  to   space 3328K,   0% used [0x059d0000, 0x059d0000, 0x05d10000)
 tenured generation   total 67408K, used 49760K [0x19150000, 0x1d324000, 0x43c00000)
   the space 67408K,  73% used [0x19150000, 0x1c1e8330, 0x1c1e8400, 0x1d324000)
 Metaspace       used 40445K, capacity 41735K, committed 41984K, reserved 42368K
}
Event: 452.138 GC heap before
{Heap before GC invocations=169 (full 6):
 def new generation   total 30528K, used 29509K [0x03c00000, 0x05d10000, 0x19150000)
  eden space 27200K, 100% used [0x03c00000, 0x05690000, 0x05690000)
  from space 3328K,  69% used [0x05690000, 0x058d14d0, 0x059d0000)
  to   space 3328K,   0% used [0x059d0000, 0x059d0000, 0x05d10000)
 tenured generation   total 67408K, used 49760K [0x19150000, 0x1d324000, 0x43c00000)
   the space 67408K,  73% used [0x19150000, 0x1c1e8330, 0x1c1e8400, 0x1d324000)
 Metaspace       used 40445K, capacity 41735K, committed 41984K, reserved 42368K
Event: 452.149 GC heap after
Heap after GC invocations=170 (full 6):
 def new generation   total 30528K, used 1912K [0x03c00000, 0x05d10000, 0x19150000)
  eden space 27200K,   0% used [0x03c00000, 0x03c00000, 0x05690000)
  from space 3328K,  57% used [0x059d0000, 0x05bae2c0, 0x05d10000)
  to   space 3328K,   0% used [0x05690000, 0x05690000, 0x059d0000)
 tenured generation   total 67408K, used 51050K [0x19150000, 0x1d324000, 0x43c00000)
   the space 67408K,  75% used [0x19150000, 0x1c32ab08, 0x1c32ac00, 0x1d324000)
 Metaspace       used 40445K, capacity 41735K, committed 41984K, reserved 42368K
}
Event: 452.294 GC heap before
{Heap before GC invocations=170 (full 6):
 def new generation   total 30528K, used 29112K [0x03c00000, 0x05d10000, 0x19150000)
  eden space 27200K, 100% used [0x03c00000, 0x05690000, 0x05690000)
  from space 3328K,  57% used [0x059d0000, 0x05bae2c0, 0x05d10000)
  to   space 3328K,   0% used [0x05690000, 0x05690000, 0x059d0000)
 tenured generation   total 67408K, used 51050K [0x19150000, 0x1d324000, 0x43c00000)
   the space 67408K,  75% used [0x19150000, 0x1c32ab08, 0x1c32ac00, 0x1d324000)
 Metaspace       used 40445K, capacity 41735K, committed 41984K, reserved 42368K
Event: 452.307 GC heap after
Heap after GC invocations=171 (full 6):
 def new generation   total 30528K, used 1996K [0x03c00000, 0x05d10000, 0x19150000)
  eden space 27200K,   0% used [0x03c00000, 0x03c00000, 0x05690000)
  from space 3328K,  59% used [0x05690000, 0x05883220, 0x059d0000)
  to   space 3328K,   0% used [0x059d0000, 0x059d0000, 0x05d10000)
 tenured generation   total 67408K, used 52068K [0x19150000, 0x1d324000, 0x43c00000)
   the space 67408K,  77% used [0x19150000, 0x1c429130, 0x1c429200, 0x1d324000)
 Metaspace       used 40445K, capacity 41735K, committed 41984K, reserved 42368K
}
Event: 452.426 GC heap before
{Heap before GC invocations=171 (full 6):
 def new generation   total 30528K, used 29196K [0x03c00000, 0x05d10000, 0x19150000)
  eden space 27200K, 100% used [0x03c00000, 0x05690000, 0x05690000)
  from space 3328K,  59% used [0x05690000, 0x05883220, 0x059d0000)
  to   space 3328K,   0% used [0x059d0000, 0x059d0000, 0x05d10000)
 tenured generation   total 67408K, used 52068K [0x19150000, 0x1d324000, 0x43c00000)
   the space 67408K,  77% used [0x19150000, 0x1c429130, 0x1c429200, 0x1d324000)
 Metaspace       used 40445K, capacity 41735K, committed 41984K, reserved 42368K
Event: 452.439 GC heap after
Heap after GC invocations=172 (full 6):
 def new generation   total 30528K, used 1909K [0x03c00000, 0x05d10000, 0x19150000)
  eden space 27200K,   0% used [0x03c00000, 0x03c00000, 0x05690000)
  from space 3328K,  57% used [0x059d0000, 0x05bad400, 0x05d10000)
  to   space 3328K,   0% used [0x05690000, 0x05690000, 0x059d0000)
 tenured generation   total 67408K, used 52946K [0x19150000, 0x1d324000, 0x43c00000)
   the space 67408K,  78% used [0x19150000, 0x1c504ac0, 0x1c504c00, 0x1d324000)
 Metaspace       used 40445K, capacity 41735K, committed 41984K, reserved 42368K
}
Event: 452.563 GC heap before
{Heap before GC invocations=172 (full 6):
 def new generation   total 30528K, used 29109K [0x03c00000, 0x05d10000, 0x19150000)
  eden space 27200K, 100% used [0x03c00000, 0x05690000, 0x05690000)
  from space 3328K,  57% used [0x059d0000, 0x05bad400, 0x05d10000)
  to   space 3328K,   0% used [0x05690000, 0x05690000, 0x059d0000)
 tenured generation   total 67408K, used 52946K [0x19150000, 0x1d324000, 0x43c00000)
   the space 67408K,  78% used [0x19150000, 0x1c504ac0, 0x1c504c00, 0x1d324000)
 Metaspace       used 40445K, capacity 41735K, committed 41984K, reserved 42368K
Event: 452.576 GC heap after
Heap after GC invocations=173 (full 6):
 def new generation   total 30528K, used 1452K [0x03c00000, 0x05d10000, 0x19150000)
  eden space 27200K,   0% used [0x03c00000, 0x03c00000, 0x05690000)
  from space 3328K,  43% used [0x05690000, 0x057fb3a0, 0x059d0000)
  to   space 3328K,   0% used [0x059d0000, 0x059d0000, 0x05d10000)
 tenured generation   total 67408K, used 54063K [0x19150000, 0x1d324000, 0x43c00000)
   the space 67408K,  80% used [0x19150000, 0x1c61bf10, 0x1c61c000, 0x1d324000)
 Metaspace       used 40445K, capacity 41735K, committed 41984K, reserved 42368K
}

